This file contains any messages produced by compilers while
running configure, to aid debugging if configure makes a mistake.

It was created by multiperm configure 0.9.4, which was
generated by GNU Autoconf 2.61.  Invocation command line was

  $ ./configure 

## --------- ##
## Platform. ##
## --------- ##

hostname = attu7.cs.washington.edu
uname -m = x86_64
uname -r = 4.14.125-1.el7.retpoline.x86_64
uname -s = Linux
uname -v = #1 SMP Tue Jun 11 14:07:55 PDT 2019

/usr/bin/uname -p = x86_64
/bin/uname -X     = unknown

/bin/arch              = x86_64
/usr/bin/arch -k       = unknown
/usr/convex/getsysinfo = unknown
/usr/bin/hostinfo      = unknown
/bin/machine           = unknown
/usr/bin/oslevel       = unknown
/bin/universe          = unknown

PATH: /usr/kerberos/sbin
PATH: /usr/kerberos/bin
PATH: /opt/rh/rh-java-common/root/usr/bin
PATH: /opt/rh/rh-maven35/root/usr/bin
PATH: /opt/rh/rh-ruby25/root/usr/bin
PATH: /opt/rh/devtoolset-7/root/usr/bin
PATH: /usr/local/bin
PATH: /usr/bin
PATH: /usr/local/sbin
PATH: /usr/sbin
PATH: /homes/iws/jyzhou15/.dotnet/tools
PATH: /homes/iws/jyzhou15/331-18au/staff/bin
PATH: /homes/iws/jyzhou15/331-18au/courseware
PATH: /homes/iws/jyzhou15/331-18au/courseware/common
PATH: /homes/iws/jyzhou15/498r/cmfinder-0.4.1.15/clustalw1.83
PATH: /homes/iws/jyzhou15/498r/cmfinder-0.4.1.15/bin
PATH: /homes/iws/jyzhou15/.local/bin
PATH: /homes/iws/jyzhou15/bin


## ----------- ##
## Core tests. ##
## ----------- ##

configure:1792: checking for a BSD-compatible install
configure:1848: result: /usr/bin/install -c
configure:1859: checking whether build environment is sane
configure:1902: result: yes
configure:1967: checking for gawk
configure:1983: found /usr/bin/gawk
configure:1994: result: gawk
configure:2005: checking whether make sets $(MAKE)
configure:2026: result: yes
configure:2273: checking for g++
configure:2289: found /opt/rh/devtoolset-7/root/usr/bin/g++
configure:2300: result: g++
configure:2331: checking for C++ compiler version
configure:2338: g++ --version >&5
g++ (GCC) 7.3.1 20180303 (Red Hat 7.3.1-5)
Copyright (C) 2017 Free Software Foundation, Inc.
This is free software; see the source for copying conditions.  There is NO
warranty; not even for MERCHANTABILITY or FITNESS FOR A PARTICULAR PURPOSE.

configure:2341: $? = 0
configure:2348: g++ -v >&5
Using built-in specs.
COLLECT_GCC=g++
COLLECT_LTO_WRAPPER=/opt/rh/devtoolset-7/root/usr/libexec/gcc/x86_64-redhat-linux/7/lto-wrapper
Target: x86_64-redhat-linux
Configured with: ../configure --enable-bootstrap --enable-languages=c,c++,fortran,lto --prefix=/opt/rh/devtoolset-7/root/usr --mandir=/opt/rh/devtoolset-7/root/usr/share/man --infodir=/opt/rh/devtoolset-7/root/usr/share/info --with-bugurl=http://bugzilla.redhat.com/bugzilla --enable-shared --enable-threads=posix --enable-checking=release --enable-multilib --with-system-zlib --enable-__cxa_atexit --disable-libunwind-exceptions --enable-gnu-unique-object --enable-linker-build-id --with-gcc-major-version-only --enable-plugin --with-linker-hash-style=gnu --enable-initfini-array --with-default-libstdcxx-abi=gcc4-compatible --with-isl=/builddir/build/BUILD/gcc-7.3.1-20180303/obj-x86_64-redhat-linux/isl-install --enable-libmpx --enable-gnu-indirect-function --with-tune=generic --with-arch_32=i686 --build=x86_64-redhat-linux
Thread model: posix
gcc version 7.3.1 20180303 (Red Hat 7.3.1-5) (GCC) 
configure:2351: $? = 0
configure:2358: g++ -V >&5
g++: error: unrecognized command line option '-V'
g++: fatal error: no input files
compilation terminated.
configure:2361: $? = 1
configure:2384: checking for C++ compiler default output file name
configure:2411: g++    conftest.cpp  >&5
configure:2414: $? = 0
configure:2452: result: a.out
configure:2469: checking whether the C++ compiler works
configure:2479: ./a.out
configure:2482: $? = 0
configure:2499: result: yes
configure:2506: checking whether we are cross compiling
configure:2508: result: no
configure:2511: checking for suffix of executables
configure:2518: g++ -o conftest    conftest.cpp  >&5
configure:2521: $? = 0
configure:2545: result: 
configure:2551: checking for suffix of object files
configure:2577: g++ -c   conftest.cpp >&5
configure:2580: $? = 0
configure:2603: result: o
configure:2607: checking whether we are using the GNU C++ compiler
configure:2636: g++ -c   conftest.cpp >&5
configure:2642: $? = 0
configure:2659: result: yes
configure:2664: checking whether g++ accepts -g
configure:2694: g++ -c -g  conftest.cpp >&5
configure:2700: $? = 0
configure:2799: result: yes
configure:2833: checking for style of include used by make
configure:2861: result: GNU
configure:2889: checking dependency style of g++
configure:2979: result: gcc3
configure:3044: checking for gcc
configure:3060: found /opt/rh/devtoolset-7/root/usr/bin/gcc
configure:3071: result: gcc
configure:3309: checking for C compiler version
configure:3316: gcc --version >&5
gcc (GCC) 7.3.1 20180303 (Red Hat 7.3.1-5)
Copyright (C) 2017 Free Software Foundation, Inc.
This is free software; see the source for copying conditions.  There is NO
warranty; not even for MERCHANTABILITY or FITNESS FOR A PARTICULAR PURPOSE.

configure:3319: $? = 0
configure:3326: gcc -v >&5
Using built-in specs.
COLLECT_GCC=gcc
COLLECT_LTO_WRAPPER=/opt/rh/devtoolset-7/root/usr/libexec/gcc/x86_64-redhat-linux/7/lto-wrapper
Target: x86_64-redhat-linux
Configured with: ../configure --enable-bootstrap --enable-languages=c,c++,fortran,lto --prefix=/opt/rh/devtoolset-7/root/usr --mandir=/opt/rh/devtoolset-7/root/usr/share/man --infodir=/opt/rh/devtoolset-7/root/usr/share/info --with-bugurl=http://bugzilla.redhat.com/bugzilla --enable-shared --enable-threads=posix --enable-checking=release --enable-multilib --with-system-zlib --enable-__cxa_atexit --disable-libunwind-exceptions --enable-gnu-unique-object --enable-linker-build-id --with-gcc-major-version-only --enable-plugin --with-linker-hash-style=gnu --enable-initfini-array --with-default-libstdcxx-abi=gcc4-compatible --with-isl=/builddir/build/BUILD/gcc-7.3.1-20180303/obj-x86_64-redhat-linux/isl-install --enable-libmpx --enable-gnu-indirect-function --with-tune=generic --with-arch_32=i686 --build=x86_64-redhat-linux
Thread model: posix
gcc version 7.3.1 20180303 (Red Hat 7.3.1-5) (GCC) 
configure:3329: $? = 0
configure:3336: gcc -V >&5
gcc: error: unrecognized command line option '-V'
gcc: fatal error: no input files
compilation terminated.
configure:3339: $? = 1
configure:3342: checking whether we are using the GNU C compiler
configure:3371: gcc -c   conftest.c >&5
configure:3377: $? = 0
configure:3394: result: yes
configure:3399: checking whether gcc accepts -g
configure:3429: gcc -c -g  conftest.c >&5
configure:3435: $? = 0
configure:3534: result: yes
configure:3551: checking for gcc option to accept ISO C89
configure:3625: gcc  -c -g -O2  conftest.c >&5
configure:3631: $? = 0
configure:3654: result: none needed
configure:3674: checking dependency style of gcc
configure:3764: result: gcc3
configure:3786: checking for main in -lR
configure:3815: gcc -o conftest -g -O2   conftest.c -lR   >&5
/opt/rh/devtoolset-7/root/usr/libexec/gcc/x86_64-redhat-linux/7/ld: cannot find -lR
collect2: error: ld returned 1 exit status
configure:3821: $? = 1
configure: failed program was:
| /* confdefs.h.  */
| #define PACKAGE_NAME "multiperm"
| #define PACKAGE_TARNAME "multiperm"
| #define PACKAGE_VERSION "0.9.4"
| #define PACKAGE_STRING "multiperm 0.9.4"
| #define PACKAGE_BUGREPORT "anandam@u.washington.edu"
| #define PACKAGE "multiperm"
| #define VERSION "0.9.4"
| /* end confdefs.h.  */
| 
| 
| int
| main ()
| {
| return main ();
|   ;
|   return 0;
| }
configure:3839: result: no
configure:3852: checking for main in -lRblas
configure:3881: gcc -o conftest -g -O2   conftest.c -lRblas   >&5
/opt/rh/devtoolset-7/root/usr/libexec/gcc/x86_64-redhat-linux/7/ld: cannot find -lRblas
collect2: error: ld returned 1 exit status
configure:3887: $? = 1
configure: failed program was:
| /* confdefs.h.  */
| #define PACKAGE_NAME "multiperm"
| #define PACKAGE_TARNAME "multiperm"
| #define PACKAGE_VERSION "0.9.4"
| #define PACKAGE_STRING "multiperm 0.9.4"
| #define PACKAGE_BUGREPORT "anandam@u.washington.edu"
| #define PACKAGE "multiperm"
| #define VERSION "0.9.4"
| /* end confdefs.h.  */
| 
| 
| int
| main ()
| {
| return main ();
|   ;
|   return 0;
| }
configure:3905: result: no
configure:3923: checking how to run the C preprocessor
configure:3963: gcc -E  conftest.c
configure:3969: $? = 0
configure:4000: gcc -E  conftest.c
conftest.c:10:10: fatal error: ac_nonexistent.h: No such file or directory
 #include <ac_nonexistent.h>
          ^~~~~~~~~~~~~~~~~~
compilation terminated.
configure:4006: $? = 1
configure: failed program was:
| /* confdefs.h.  */
| #define PACKAGE_NAME "multiperm"
| #define PACKAGE_TARNAME "multiperm"
| #define PACKAGE_VERSION "0.9.4"
| #define PACKAGE_STRING "multiperm 0.9.4"
| #define PACKAGE_BUGREPORT "anandam@u.washington.edu"
| #define PACKAGE "multiperm"
| #define VERSION "0.9.4"
| /* end confdefs.h.  */
| #include <ac_nonexistent.h>
configure:4039: result: gcc -E
configure:4068: gcc -E  conftest.c
configure:4074: $? = 0
configure:4105: gcc -E  conftest.c
conftest.c:10:10: fatal error: ac_nonexistent.h: No such file or directory
 #include <ac_nonexistent.h>
          ^~~~~~~~~~~~~~~~~~
compilation terminated.
configure:4111: $? = 1
configure: failed program was:
| /* confdefs.h.  */
| #define PACKAGE_NAME "multiperm"
| #define PACKAGE_TARNAME "multiperm"
| #define PACKAGE_VERSION "0.9.4"
| #define PACKAGE_STRING "multiperm 0.9.4"
| #define PACKAGE_BUGREPORT "anandam@u.washington.edu"
| #define PACKAGE "multiperm"
| #define VERSION "0.9.4"
| /* end confdefs.h.  */
| #include <ac_nonexistent.h>
configure:4149: checking for grep that handles long lines and -e
configure:4223: result: /usr/bin/grep
configure:4228: checking for egrep
configure:4306: result: /usr/bin/grep -E
configure:4311: checking for ANSI C header files
configure:4341: gcc -c -g -O2  conftest.c >&5
configure:4347: $? = 0
configure:4446: gcc -o conftest -g -O2   conftest.c  >&5
configure:4449: $? = 0
configure:4455: ./conftest
configure:4458: $? = 0
configure:4475: result: yes
configure:4499: checking for sys/types.h
configure:4520: gcc -c -g -O2  conftest.c >&5
configure:4526: $? = 0
configure:4542: result: yes
configure:4499: checking for sys/stat.h
configure:4520: gcc -c -g -O2  conftest.c >&5
configure:4526: $? = 0
configure:4542: result: yes
configure:4499: checking for stdlib.h
configure:4520: gcc -c -g -O2  conftest.c >&5
configure:4526: $? = 0
configure:4542: result: yes
configure:4499: checking for string.h
configure:4520: gcc -c -g -O2  conftest.c >&5
configure:4526: $? = 0
configure:4542: result: yes
configure:4499: checking for memory.h
configure:4520: gcc -c -g -O2  conftest.c >&5
configure:4526: $? = 0
configure:4542: result: yes
configure:4499: checking for strings.h
configure:4520: gcc -c -g -O2  conftest.c >&5
configure:4526: $? = 0
configure:4542: result: yes
configure:4499: checking for inttypes.h
configure:4520: gcc -c -g -O2  conftest.c >&5
configure:4526: $? = 0
configure:4542: result: yes
configure:4499: checking for stdint.h
configure:4520: gcc -c -g -O2  conftest.c >&5
configure:4526: $? = 0
configure:4542: result: yes
configure:4499: checking for unistd.h
configure:4520: gcc -c -g -O2  conftest.c >&5
configure:4526: $? = 0
configure:4542: result: yes
configure:4560: checking for stdlib.h
configure:4566: result: yes
configure:4560: checking for strings.h
configure:4566: result: yes
configure:4702: checking for stdbool.h that conforms to C99
configure:4795: gcc -c -g -O2  conftest.c >&5
configure:4801: $? = 0
configure:4816: result: yes
configure:4818: checking for _Bool
configure:4848: gcc -c -g -O2  conftest.c >&5
configure:4854: $? = 0
configure:4869: result: yes
configure:4888: checking for an ANSI C-conforming const
configure:4963: gcc -c -g -O2  conftest.c >&5
configure:4969: $? = 0
configure:4984: result: yes
configure:4994: checking for inline
configure:5020: gcc -c -g -O2  conftest.c >&5
configure:5026: $? = 0
configure:5044: result: inline
configure:5065: checking return type of signal handlers
configure:5093: gcc -c -g -O2  conftest.c >&5
conftest.c: In function 'main':
conftest.c:30:10: error: void value not ignored as it ought to be
 return *(signal (0, 0)) (0) == 1;
         ~^~~~~~~~~~~~~~~~~~
configure:5099: $? = 1
configure: failed program was:
| /* confdefs.h.  */
| #define PACKAGE_NAME "multiperm"
| #define PACKAGE_TARNAME "multiperm"
| #define PACKAGE_VERSION "0.9.4"
| #define PACKAGE_STRING "multiperm 0.9.4"
| #define PACKAGE_BUGREPORT "anandam@u.washington.edu"
| #define PACKAGE "multiperm"
| #define VERSION "0.9.4"
| #define STDC_HEADERS 1
| #define HAVE_SYS_TYPES_H 1
| #define HAVE_SYS_STAT_H 1
| #define HAVE_STDLIB_H 1
| #define HAVE_STRING_H 1
| #define HAVE_MEMORY_H 1
| #define HAVE_STRINGS_H 1
| #define HAVE_INTTYPES_H 1
| #define HAVE_STDINT_H 1
| #define HAVE_UNISTD_H 1
| #define HAVE_STDLIB_H 1
| #define HAVE_STRINGS_H 1
| #define HAVE__BOOL 1
| #define HAVE_STDBOOL_H 1
| /* end confdefs.h.  */
| #include <sys/types.h>
| #include <signal.h>
| 
| int
| main ()
| {
| return *(signal (0, 0)) (0) == 1;
|   ;
|   return 0;
| }
configure:5114: result: void
configure:5126: checking for vprintf
configure:5182: gcc -o conftest -g -O2   conftest.c  >&5
conftest.c:48:6: warning: conflicting types for built-in function 'vprintf' [-Wbuiltin-declaration-mismatch]
 char vprintf ();
      ^~~~~~~
configure:5188: $? = 0
configure:5206: result: yes
configure:5213: checking for _doprnt
configure:5269: gcc -o conftest -g -O2   conftest.c  >&5
/tmp/ccNLL9ig.o: In function `main':
/homes/iws/jyzhou15/498r/multiperm-0.9.4/conftest.c:60: undefined reference to `_doprnt'
collect2: error: ld returned 1 exit status
configure:5275: $? = 1
configure: failed program was:
| /* confdefs.h.  */
| #define PACKAGE_NAME "multiperm"
| #define PACKAGE_TARNAME "multiperm"
| #define PACKAGE_VERSION "0.9.4"
| #define PACKAGE_STRING "multiperm 0.9.4"
| #define PACKAGE_BUGREPORT "anandam@u.washington.edu"
| #define PACKAGE "multiperm"
| #define VERSION "0.9.4"
| #define STDC_HEADERS 1
| #define HAVE_SYS_TYPES_H 1
| #define HAVE_SYS_STAT_H 1
| #define HAVE_STDLIB_H 1
| #define HAVE_STRING_H 1
| #define HAVE_MEMORY_H 1
| #define HAVE_STRINGS_H 1
| #define HAVE_INTTYPES_H 1
| #define HAVE_STDINT_H 1
| #define HAVE_UNISTD_H 1
| #define HAVE_STDLIB_H 1
| #define HAVE_STRINGS_H 1
| #define HAVE__BOOL 1
| #define HAVE_STDBOOL_H 1
| #define RETSIGTYPE void
| #define HAVE_VPRINTF 1
| /* end confdefs.h.  */
| /* Define _doprnt to an innocuous variant, in case <limits.h> declares _doprnt.
|    For example, HP-UX 11i <limits.h> declares gettimeofday.  */
| #define _doprnt innocuous__doprnt
| 
| /* System header to define __stub macros and hopefully few prototypes,
|     which can conflict with char _doprnt (); below.
|     Prefer <limits.h> to <assert.h> if __STDC__ is defined, since
|     <limits.h> exists even on freestanding compilers.  */
| 
| #ifdef __STDC__
| # include <limits.h>
| #else
| # include <assert.h>
| #endif
| 
| #undef _doprnt
| 
| /* Override any GCC internal prototype to avoid an error.
|    Use char because int might match the return type of a GCC
|    builtin and then its argument prototype would still apply.  */
| #ifdef __cplusplus
| extern "C"
| #endif
| char _doprnt ();
| /* The GNU C library defines this for functions which it implements
|     to always fail with ENOSYS.  Some functions are actually named
|     something starting with __ and the normal name is an alias.  */
| #if defined __stub__doprnt || defined __stub____doprnt
| choke me
| #endif
| 
| int
| main ()
| {
| return _doprnt ();
|   ;
|   return 0;
| }
configure:5292: result: no
configure:5314: checking for floor
configure:5370: gcc -o conftest -g -O2   conftest.c  >&5
conftest.c:49:6: warning: conflicting types for built-in function 'floor' [-Wbuiltin-declaration-mismatch]
 char floor ();
      ^~~~~
/tmp/cc5YARKp.o: In function `main':
/homes/iws/jyzhou15/498r/multiperm-0.9.4/conftest.c:60: undefined reference to `floor'
collect2: error: ld returned 1 exit status
configure:5376: $? = 1
configure: failed program was:
| /* confdefs.h.  */
| #define PACKAGE_NAME "multiperm"
| #define PACKAGE_TARNAME "multiperm"
| #define PACKAGE_VERSION "0.9.4"
| #define PACKAGE_STRING "multiperm 0.9.4"
| #define PACKAGE_BUGREPORT "anandam@u.washington.edu"
| #define PACKAGE "multiperm"
| #define VERSION "0.9.4"
| #define STDC_HEADERS 1
| #define HAVE_SYS_TYPES_H 1
| #define HAVE_SYS_STAT_H 1
| #define HAVE_STDLIB_H 1
| #define HAVE_STRING_H 1
| #define HAVE_MEMORY_H 1
| #define HAVE_STRINGS_H 1
| #define HAVE_INTTYPES_H 1
| #define HAVE_STDINT_H 1
| #define HAVE_UNISTD_H 1
| #define HAVE_STDLIB_H 1
| #define HAVE_STRINGS_H 1
| #define HAVE__BOOL 1
| #define HAVE_STDBOOL_H 1
| #define RETSIGTYPE void
| #define HAVE_VPRINTF 1
| /* end confdefs.h.  */
| /* Define floor to an innocuous variant, in case <limits.h> declares floor.
|    For example, HP-UX 11i <limits.h> declares gettimeofday.  */
| #define floor innocuous_floor
| 
| /* System header to define __stub macros and hopefully few prototypes,
|     which can conflict with char floor (); below.
|     Prefer <limits.h> to <assert.h> if __STDC__ is defined, since
|     <limits.h> exists even on freestanding compilers.  */
| 
| #ifdef __STDC__
| # include <limits.h>
| #else
| # include <assert.h>
| #endif
| 
| #undef floor
| 
| /* Override any GCC internal prototype to avoid an error.
|    Use char because int might match the return type of a GCC
|    builtin and then its argument prototype would still apply.  */
| #ifdef __cplusplus
| extern "C"
| #endif
| char floor ();
| /* The GNU C library defines this for functions which it implements
|     to always fail with ENOSYS.  Some functions are actually named
|     something starting with __ and the normal name is an alias.  */
| #if defined __stub_floor || defined __stub___floor
| choke me
| #endif
| 
| int
| main ()
| {
| return floor ();
|   ;
|   return 0;
| }
configure:5394: result: no
configure:5314: checking for setenv
configure:5370: gcc -o conftest -g -O2   conftest.c  >&5
configure:5376: $? = 0
configure:5394: result: yes
configure:5314: checking for sqrt
configure:5370: gcc -o conftest -g -O2   conftest.c  >&5
conftest.c:50:6: warning: conflicting types for built-in function 'sqrt' [-Wbuiltin-declaration-mismatch]
 char sqrt ();
      ^~~~
/tmp/cczPLMVM.o: In function `main':
/homes/iws/jyzhou15/498r/multiperm-0.9.4/conftest.c:61: undefined reference to `sqrt'
collect2: error: ld returned 1 exit status
configure:5376: $? = 1
configure: failed program was:
| /* confdefs.h.  */
| #define PACKAGE_NAME "multiperm"
| #define PACKAGE_TARNAME "multiperm"
| #define PACKAGE_VERSION "0.9.4"
| #define PACKAGE_STRING "multiperm 0.9.4"
| #define PACKAGE_BUGREPORT "anandam@u.washington.edu"
| #define PACKAGE "multiperm"
| #define VERSION "0.9.4"
| #define STDC_HEADERS 1
| #define HAVE_SYS_TYPES_H 1
| #define HAVE_SYS_STAT_H 1
| #define HAVE_STDLIB_H 1
| #define HAVE_STRING_H 1
| #define HAVE_MEMORY_H 1
| #define HAVE_STRINGS_H 1
| #define HAVE_INTTYPES_H 1
| #define HAVE_STDINT_H 1
| #define HAVE_UNISTD_H 1
| #define HAVE_STDLIB_H 1
| #define HAVE_STRINGS_H 1
| #define HAVE__BOOL 1
| #define HAVE_STDBOOL_H 1
| #define RETSIGTYPE void
| #define HAVE_VPRINTF 1
| #define HAVE_SETENV 1
| /* end confdefs.h.  */
| /* Define sqrt to an innocuous variant, in case <limits.h> declares sqrt.
|    For example, HP-UX 11i <limits.h> declares gettimeofday.  */
| #define sqrt innocuous_sqrt
| 
| /* System header to define __stub macros and hopefully few prototypes,
|     which can conflict with char sqrt (); below.
|     Prefer <limits.h> to <assert.h> if __STDC__ is defined, since
|     <limits.h> exists even on freestanding compilers.  */
| 
| #ifdef __STDC__
| # include <limits.h>
| #else
| # include <assert.h>
| #endif
| 
| #undef sqrt
| 
| /* Override any GCC internal prototype to avoid an error.
|    Use char because int might match the return type of a GCC
|    builtin and then its argument prototype would still apply.  */
| #ifdef __cplusplus
| extern "C"
| #endif
| char sqrt ();
| /* The GNU C library defines this for functions which it implements
|     to always fail with ENOSYS.  Some functions are actually named
|     something starting with __ and the normal name is an alias.  */
| #if defined __stub_sqrt || defined __stub___sqrt
| choke me
| #endif
| 
| int
| main ()
| {
| return sqrt ();
|   ;
|   return 0;
| }
configure:5394: result: no
configure:5314: checking for strcasecmp
configure:5370: gcc -o conftest -g -O2   conftest.c  >&5
conftest.c:50:6: warning: conflicting types for built-in function 'strcasecmp' [-Wbuiltin-declaration-mismatch]
 char strcasecmp ();
      ^~~~~~~~~~
configure:5376: $? = 0
configure:5394: result: yes
configure:5314: checking for strrchr
configure:5370: gcc -o conftest -g -O2   conftest.c  >&5
conftest.c:51:6: warning: conflicting types for built-in function 'strrchr' [-Wbuiltin-declaration-mismatch]
 char strrchr ();
      ^~~~~~~
configure:5376: $? = 0
configure:5394: result: yes
configure:5428: checking for R
configure:5444: found /usr/bin/R
configure:5455: result: /usr/lib64/R
configure:5487: checking for rnazRandomizeAln.pl
configure:5517: result: no
configure:5660: creating ./config.status

## ---------------------- ##
## Running config.status. ##
## ---------------------- ##

This file was extended by multiperm config.status 0.9.4, which was
generated by GNU Autoconf 2.61.  Invocation command line was

  CONFIG_FILES    = 
  CONFIG_HEADERS  = 
  CONFIG_LINKS    = 
  CONFIG_COMMANDS = 
  $ ./config.status 

on attu7.cs.washington.edu

config.status:645: creating Makefile
config.status:645: creating config.h
config.status:874: config.h is unchanged
config.status:920: executing depfiles commands

## ---------------- ##
## Cache variables. ##
## ---------------- ##

ac_cv_c_compiler_gnu=yes
ac_cv_c_const=yes
ac_cv_c_inline=inline
ac_cv_cxx_compiler_gnu=yes
ac_cv_env_CCC_set=
ac_cv_env_CCC_value=
ac_cv_env_CC_set=
ac_cv_env_CC_value=
ac_cv_env_CFLAGS_set=
ac_cv_env_CFLAGS_value=
ac_cv_env_CPPFLAGS_set=
ac_cv_env_CPPFLAGS_value=
ac_cv_env_CPP_set=
ac_cv_env_CPP_value=
ac_cv_env_CXXFLAGS_set=
ac_cv_env_CXXFLAGS_value=
ac_cv_env_CXX_set=
ac_cv_env_CXX_value=
ac_cv_env_LDFLAGS_set=
ac_cv_env_LDFLAGS_value=
ac_cv_env_LIBS_set=
ac_cv_env_LIBS_value=
ac_cv_env_build_alias_set=
ac_cv_env_build_alias_value=
ac_cv_env_host_alias_set=
ac_cv_env_host_alias_value=
ac_cv_env_target_alias_set=
ac_cv_env_target_alias_value=
ac_cv_func__doprnt=no
ac_cv_func_floor=no
ac_cv_func_setenv=yes
ac_cv_func_sqrt=no
ac_cv_func_strcasecmp=yes
ac_cv_func_strrchr=yes
ac_cv_func_vprintf=yes
ac_cv_header_inttypes_h=yes
ac_cv_header_memory_h=yes
ac_cv_header_stdbool_h=yes
ac_cv_header_stdc=yes
ac_cv_header_stdint_h=yes
ac_cv_header_stdlib_h=yes
ac_cv_header_string_h=yes
ac_cv_header_strings_h=yes
ac_cv_header_sys_stat_h=yes
ac_cv_header_sys_types_h=yes
ac_cv_header_unistd_h=yes
ac_cv_lib_R_main=no
ac_cv_lib_Rblas_main=no
ac_cv_objext=o
ac_cv_path_EGREP='/usr/bin/grep -E'
ac_cv_path_GREP=/usr/bin/grep
ac_cv_path_install='/usr/bin/install -c'
ac_cv_prog_AWK=gawk
ac_cv_prog_CPP='gcc -E'
ac_cv_prog_RHOME=/usr/lib64/R
ac_cv_prog_ac_ct_CC=gcc
ac_cv_prog_ac_ct_CXX=g++
ac_cv_prog_cc_c89=
ac_cv_prog_cc_g=yes
ac_cv_prog_cxx_g=yes
ac_cv_prog_make_make_set=yes
ac_cv_type__Bool=yes
ac_cv_type_signal=void
am_cv_CC_dependencies_compiler_type=gcc3
am_cv_CXX_dependencies_compiler_type=gcc3

## ----------------- ##
## Output variables. ##
## ----------------- ##

ACLOCAL='${SHELL} /homes/iws/jyzhou15/498r/multiperm-0.9.4/missing --run aclocal-1.9'
AMDEPBACKSLASH='\'
AMDEP_FALSE='#'
AMDEP_TRUE=''
AMTAR='${SHELL} /homes/iws/jyzhou15/498r/multiperm-0.9.4/missing --run tar'
AUTOCONF='${SHELL} /homes/iws/jyzhou15/498r/multiperm-0.9.4/missing --run autoconf'
AUTOHEADER='${SHELL} /homes/iws/jyzhou15/498r/multiperm-0.9.4/missing --run autoheader'
AUTOMAKE='${SHELL} /homes/iws/jyzhou15/498r/multiperm-0.9.4/missing --run automake-1.9'
AWK='gawk'
CC='gcc'
CCDEPMODE='depmode=gcc3'
CFLAGS='-g -O2'
CPP='gcc -E'
CPPFLAGS=''
CXX='g++'
CXXDEPMODE='depmode=gcc3'
CXXFLAGS='-g -O2'
CYGPATH_W='echo'
DEFS='-DHAVE_CONFIG_H'
DEPDIR='.deps'
ECHO_C=''
ECHO_N='-n'
ECHO_T=''
EGREP='/usr/bin/grep -E'
EXEEXT=''
GREP='/usr/bin/grep'
INSTALL_DATA='${INSTALL} -m 644'
INSTALL_PROGRAM='${INSTALL}'
INSTALL_SCRIPT='${INSTALL}'
INSTALL_STRIP_PROGRAM='${SHELL} $(install_sh) -c -s'
LDFLAGS=''
LIBOBJS=''
LIBS=''
LTLIBOBJS=''
MAKEINFO='${SHELL} /homes/iws/jyzhou15/498r/multiperm-0.9.4/missing --run makeinfo'
OBJEXT='o'
PACKAGE='multiperm'
PACKAGE_BUGREPORT='anandam@u.washington.edu'
PACKAGE_NAME='multiperm'
PACKAGE_STRING='multiperm 0.9.4'
PACKAGE_TARNAME='multiperm'
PACKAGE_VERSION='0.9.4'
PATH_SEPARATOR=':'
RHOME='/usr/lib64/R'
RNAZ_RANDOMIZE_ALN=''
SET_MAKE=''
SHELL='/bin/sh'
STRIP=''
USE_RNAZ_FALSE=''
USE_RNAZ_TRUE='#'
USE_R_FALSE=''
USE_R_TRUE='#'
VERSION='0.9.4'
ac_ct_CC='gcc'
ac_ct_CXX='g++'
am__fastdepCC_FALSE='#'
am__fastdepCC_TRUE=''
am__fastdepCXX_FALSE='#'
am__fastdepCXX_TRUE=''
am__include='include'
am__leading_dot='.'
am__quote=''
am__tar='${AMTAR} chof - "$$tardir"'
am__untar='${AMTAR} xf -'
bindir='${exec_prefix}/bin'
build_alias=''
datadir='${datarootdir}'
datarootdir='${prefix}/share'
docdir='${datarootdir}/doc/${PACKAGE_TARNAME}'
dvidir='${docdir}'
exec_prefix='${prefix}'
host_alias=''
htmldir='${docdir}'
includedir='${prefix}/include'
infodir='${datarootdir}/info'
install_sh='/homes/iws/jyzhou15/498r/multiperm-0.9.4/install-sh'
libdir='${exec_prefix}/lib'
libexecdir='${exec_prefix}/libexec'
localedir='${datarootdir}/locale'
localstatedir='${prefix}/var'
mandir='${datarootdir}/man'
mkdir_p='mkdir -p --'
oldincludedir='/usr/include'
pdfdir='${docdir}'
prefix='/usr/local'
program_transform_name='s,x,x,'
psdir='${docdir}'
sbindir='${exec_prefix}/sbin'
sharedstatedir='${prefix}/com'
sysconfdir='${prefix}/etc'
target_alias=''

## ----------- ##
## confdefs.h. ##
## ----------- ##

#define PACKAGE_NAME "multiperm"
#define PACKAGE_TARNAME "multiperm"
#define PACKAGE_VERSION "0.9.4"
#define PACKAGE_STRING "multiperm 0.9.4"
#define PACKAGE_BUGREPORT "anandam@u.washington.edu"
#define PACKAGE "multiperm"
#define VERSION "0.9.4"
#define STDC_HEADERS 1
#define HAVE_SYS_TYPES_H 1
#define HAVE_SYS_STAT_H 1
#define HAVE_STDLIB_H 1
#define HAVE_STRING_H 1
#define HAVE_MEMORY_H 1
#define HAVE_STRINGS_H 1
#define HAVE_INTTYPES_H 1
#define HAVE_STDINT_H 1
#define HAVE_UNISTD_H 1
#define HAVE_STDLIB_H 1
#define HAVE_STRINGS_H 1
#define HAVE__BOOL 1
#define HAVE_STDBOOL_H 1
#define RETSIGTYPE void
#define HAVE_VPRINTF 1
#define HAVE_SETENV 1
#define HAVE_STRCASECMP 1
#define HAVE_STRRCHR 1

configure: exit 0
